cl : 명령줄  warning D9035: 'Gm' 옵션은 더 이상 사용되지 않으므로 이후 릴리스에서 제거될 예정입니다.
  stdafx.cpp
cl : 명령줄  warning D9035: 'Gm' 옵션은 더 이상 사용되지 않으므로 이후 릴리스에서 제거될 예정입니다.
  PassThrough.cpp
C:\Users\jerom\OneDrive\바탕 화면\nfsdk\wfp\samples\nfsdk\C_C++\PassThrough\PassThrough.cpp(119,3): warning C4996: 'WSAAddressToStringA': Use WSAAddressToStringW() instead or define _WINSOCK_DEPRECATED_NO_WARNINGS to disable deprecated API warnings
  (소스 파일 '/PassThrough.cpp'을(를) 컴파일하는 중)
  
C:\Users\jerom\OneDrive\바탕 화면\nfsdk\wfp\samples\nfsdk\C_C++\PassThrough\PassThrough.cpp(128,3): warning C4996: 'WSAAddressToStringA': Use WSAAddressToStringW() instead or define _WINSOCK_DEPRECATED_NO_WARNINGS to disable deprecated API warnings
  (소스 파일 '/PassThrough.cpp'을(를) 컴파일하는 중)
  
C:\Users\jerom\OneDrive\바탕 화면\nfsdk\wfp\samples\nfsdk\C_C++\PassThrough\PassThrough.cpp(150,3): warning C4996: 'WSAAddressToStringA': Use WSAAddressToStringW() instead or define _WINSOCK_DEPRECATED_NO_WARNINGS to disable deprecated API warnings
  (소스 파일 '/PassThrough.cpp'을(를) 컴파일하는 중)
  
C:\Users\jerom\OneDrive\바탕 화면\nfsdk\wfp\samples\nfsdk\C_C++\PassThrough\PassThrough.cpp(159,3): warning C4996: 'WSAAddressToStringA': Use WSAAddressToStringW() instead or define _WINSOCK_DEPRECATED_NO_WARNINGS to disable deprecated API warnings
  (소스 파일 '/PassThrough.cpp'을(를) 컴파일하는 중)
  
C:\Users\jerom\OneDrive\바탕 화면\nfsdk\wfp\samples\nfsdk\C_C++\PassThrough\PassThrough.cpp(243,2): warning C4996: 'WSAAddressToStringA': Use WSAAddressToStringW() instead or define _WINSOCK_DEPRECATED_NO_WARNINGS to disable deprecated API warnings
  (소스 파일 '/PassThrough.cpp'을(를) 컴파일하는 중)
  
C:\Users\jerom\OneDrive\바탕 화면\nfsdk\wfp\samples\nfsdk\C_C++\PassThrough\PassThrough.cpp(252,2): warning C4996: 'WSAAddressToStringA': Use WSAAddressToStringW() instead or define _WINSOCK_DEPRECATED_NO_WARNINGS to disable deprecated API warnings
  (소스 파일 '/PassThrough.cpp'을(를) 컴파일하는 중)
  
C:\Users\jerom\OneDrive\바탕 화면\nfsdk\wfp\samples\nfsdk\C_C++\PassThrough\PassThrough.cpp(301,2): warning C4996: 'WSAAddressToStringA': Use WSAAddressToStringW() instead or define _WINSOCK_DEPRECATED_NO_WARNINGS to disable deprecated API warnings
  (소스 파일 '/PassThrough.cpp'을(를) 컴파일하는 중)
  
C:\Program Files\Microsoft Visual Studio\18\Community\MSBuild\Microsoft\VC\v180\Microsoft.CppBuild.targets(1415,5): warning MSB8012: TargetPath(C:\Users\jerom\OneDrive\바탕 화면\nfsdk\wfp\samples\nfsdk\C_C++\PassThrough\Debug\x64\PassThrough.exe)이(가) Linker의 OutputFile 속성 값(C:\Users\jerom\OneDrive\바탕 화면\nfsdk\wfp\bin\Debug\x64\PassThrough.exe)과 일치하지 않습니다. 이로 인해 프로젝트가 잘못 빌드될 수 있습니다. 이를 수정하려면 $(OutDir), $(TargetName) 및 $(TargetExt) 속성 값이 %(Link.OutputFile)에 지정된 값과 일치해야 합니다.
  PassThrough.vcxproj -> C:\Users\jerom\OneDrive\바탕 화면\nfsdk\wfp\samples\nfsdk\C_C++\PassThrough\Debug\x64\PassThrough.exe
